0 info it worked if it ends with ok
1 verbose cli [ 'C:\\Program Files\\nodejs\\\\node.exe',
1 verbose cli   'C:\\Program Files\\nodejs\\node_modules\\npm\\bin\\npm-cli.js',
1 verbose cli   'init' ]
2 info using npm@2.5.1
3 info using node@v0.12.0
4 verbose node symlink C:\Program Files\nodejs\\node.exe
5 verbose stack Error: Failed to replace env in config: ${APPDATA}
5 verbose stack     at C:\Program Files\nodejs\node_modules\npm\lib\config\core.js:419:13
5 verbose stack     at String.replace (native)
5 verbose stack     at envReplace (C:\Program Files\nodejs\node_modules\npm\lib\config\core.js:414:12)
5 verbose stack     at parseField (C:\Program Files\nodejs\node_modules\npm\lib\config\core.js:390:7)
5 verbose stack     at C:\Program Files\nodejs\node_modules\npm\lib\config\core.js:328:17
5 verbose stack     at Array.forEach (native)
5 verbose stack     at Conf.add (C:\Program Files\nodejs\node_modules\npm\lib\config\core.js:327:23)
5 verbose stack     at ConfigChain.addString (C:\Program Files\nodejs\node_modules\npm\node_modules\config-chain\index.js:244:8)
5 verbose stack     at Conf.<anonymous> (C:\Program Files\nodejs\node_modules\npm\lib\config\core.js:315:10)
5 verbose stack     at fs.js:336:14
6 verbose cwd D:\wamp\www\MGM\VentasModulo
7 error Windows_NT 6.1.7601
8 error argv "C:\\Program Files\\nodejs\\\\node.exe" "C:\\Program Files\\nodejs\\node_modules\\npm\\bin\\npm-cli.js" "init"
9 error node v0.12.0
10 error npm  v2.5.1
11 error Failed to replace env in config: ${APPDATA}
12 error If you need help, you may report this error at:
12 error     <http://github.com/npm/npm/issues>
13 verbose exit [ 1, true ]
